<?xml version="1.0" encoding="UTF-8"?>
<!-- Generated by org.testng.reporters.JUnitXMLReporter -->
<testsuite hostname="pc" name="Default test" tests="7" failures="0" timestamp="20 Jul 2020 15:19:45 GMT" time="28.723" errors="0">
  <testcase name="setup" time="17.77" classname="com.nesfb.qa.test.OwnAccountTransferTest"/>
  <testcase name="AccountTest" time="3.211" classname="com.nesfb.qa.test.OwnAccountTransferTest"/>
  <testcase name="OwnAccountTest" time="5.344" classname="com.nesfb.qa.test.OwnAccountTransferTest"/>
  <testcase name="FromAccountfieldTest" time="0.562" classname="com.nesfb.qa.test.OwnAccountTransferTest"/>
  <testcase name="AmountfieldTest" time="0.669" classname="com.nesfb.qa.test.OwnAccountTransferTest"/>
  <testcase name="NarrationfieldTest" time="0.72" classname="com.nesfb.qa.test.OwnAccountTransferTest"/>
  <testcase name="submitbtnTest" time="0.323" classname="com.nesfb.qa.test.OwnAccountTransferTest"/>
</testsuite> <!-- Default test -->
