<?xml version="1.0" encoding="UTF-8"?>
<!-- Generated by org.testng.reporters.JUnitXMLReporter -->
<testsuite hostname="pc" name="Default test" tests="7" failures="0" timestamp="20 Jul 2020 10:04:48 GMT" time="27.759" errors="0">
  <testcase name="setup" time="16.556" classname="com.nesfb.qa.test.OwnAccountTransferTest"/>
  <testcase name="AccountTest" time="3.659" classname="com.nesfb.qa.test.OwnAccountTransferTest"/>
  <testcase name="OwnAccountTest" time="5.265" classname="com.nesfb.qa.test.OwnAccountTransferTest"/>
  <testcase name="FromAccountfieldTest" time="0.608" classname="com.nesfb.qa.test.OwnAccountTransferTest"/>
  <testcase name="AmountfieldTest" time="0.562" classname="com.nesfb.qa.test.OwnAccountTransferTest"/>
  <testcase name="NarrationfieldTest" time="0.752" classname="com.nesfb.qa.test.OwnAccountTransferTest"/>
  <testcase name="submitbtnTest" time="0.287" classname="com.nesfb.qa.test.OwnAccountTransferTest"/>
</testsuite> <!-- Default test -->
