<?xml version="1.0" encoding="UTF-8"?>
<!-- Generated by org.testng.reporters.JUnitXMLReporter -->
<testsuite hostname="pc" name="OwnAccounttransfer" tests="7" failures="0" timestamp="19 Jul 2020 18:21:42 GMT" time="26.606" errors="0">
  <testcase name="setup" time="16.192" classname="com.nesfb.qa.test.OwnAccountTransferTest"/>
  <testcase name="AccountTest" time="3.199" classname="com.nesfb.qa.test.OwnAccountTransferTest"/>
  <testcase name="OwnAccountTest" time="5.225" classname="com.nesfb.qa.test.OwnAccountTransferTest"/>
  <testcase name="FromAccountfieldTest" time="0.469" classname="com.nesfb.qa.test.OwnAccountTransferTest"/>
  <testcase name="AmountfieldTest" time="0.48" classname="com.nesfb.qa.test.OwnAccountTransferTest"/>
  <testcase name="NarrationfieldTest" time="0.605" classname="com.nesfb.qa.test.OwnAccountTransferTest"/>
  <testcase name="submitbtnTest" time="0.328" classname="com.nesfb.qa.test.OwnAccountTransferTest"/>
</testsuite> <!-- OwnAccounttransfer -->
