<?xml version="1.0" encoding="UTF-8"?>
<!-- Generated by org.testng.reporters.JUnitXMLReporter -->
<testsuite hostname="pc" name="Test" tests="7" failures="0" timestamp="20 Jul 2020 10:15:29 GMT" time="26.346" errors="0">
  <testcase name="setup" time="15.756" classname="com.nesfb.qa.test.OwnAccountTransferTest"/>
  <testcase name="AccountTest" time="3.228" classname="com.nesfb.qa.test.OwnAccountTransferTest"/>
  <testcase name="OwnAccountTest" time="5.261" classname="com.nesfb.qa.test.OwnAccountTransferTest"/>
  <testcase name="FromAccountfieldTest" time="0.678" classname="com.nesfb.qa.test.OwnAccountTransferTest"/>
  <testcase name="AmountfieldTest" time="0.574" classname="com.nesfb.qa.test.OwnAccountTransferTest"/>
  <testcase name="NarrationfieldTest" time="0.524" classname="com.nesfb.qa.test.OwnAccountTransferTest"/>
  <testcase name="submitbtnTest" time="0.247" classname="com.nesfb.qa.test.OwnAccountTransferTest"/>
</testsuite> <!-- Test -->
