<?xml version="1.0" encoding="UTF-8"?>
<!-- Generated by org.testng.reporters.JUnitXMLReporter -->
<testsuite hostname="pc" ignored="0" name="Test" tests="5" failures="0" timestamp="2020-05-31T13:25:25 IST" time="36.153" errors="0">
  <testcase name="setup" time="15.925" classname="com.nesfb.qa.test.LoginPageTest"/>
  <testcase name="LoginTest" time="1.701" classname="com.nesfb.qa.test.LoginPageTest"/>
  <testcase name="Loginwithpw" time="0.583" classname="com.nesfb.qa.test.LoginPageTest"/>
  <testcase name="teardown" time="1.46" classname="com.nesfb.qa.test.LoginPageTest"/>
  <testcase name="banklogotest" time="2.452" classname="com.nesfb.qa.test.HomepageTest"/>
</testsuite> <!-- Test -->
