<?xml version="1.0" encoding="UTF-8"?>
<testng-results skipped="0" failed="0" total="7" passed="7">
  <reporter-output>
  </reporter-output>
  <suite name="Suite" duration-ms="28305" started-at="2020-07-20T08:32:22Z" finished-at="2020-07-20T08:32:50Z">
    <groups>
    </groups>
    <test name="Test" duration-ms="28305" started-at="2020-07-20T08:32:22Z" finished-at="2020-07-20T08:32:50Z">
      <class name="com.nesfb.qa.test.OwnAccountTransferTest">
        <test-method status="PASS" signature="setup()[pri:0, instance:com.nesfb.qa.test.OwnAccountTransferTest@6591f517]" name="setup" duration-ms="17540" started-at="2020-07-20T14:02:22Z" finished-at="2020-07-20T14:02:39Z">
          <reporter-output>
          </reporter-output>
        </test-method> <!-- setup -->
        <test-method status="PASS" signature="AccountTest()[pri:0, instance:com.nesfb.qa.test.OwnAccountTransferTest@6591f517]" name="AccountTest" duration-ms="3091" started-at="2020-07-20T14:02:39Z" finished-at="2020-07-20T14:02:43Z">
          <reporter-output>
          </reporter-output>
        </test-method> <!-- AccountTest -->
        <test-method status="PASS" signature="OwnAccountTest()[pri:0, instance:com.nesfb.qa.test.OwnAccountTransferTest@6591f517]" name="OwnAccountTest" duration-ms="5099" started-at="2020-07-20T14:02:43Z" finished-at="2020-07-20T14:02:48Z">
          <reporter-output>
          </reporter-output>
        </test-method> <!-- OwnAccountTest -->
        <test-method status="PASS" signature="FromAccountfieldTest()[pri:0, instance:com.nesfb.qa.test.OwnAccountTransferTest@6591f517]" name="FromAccountfieldTest" duration-ms="751" started-at="2020-07-20T14:02:48Z" finished-at="2020-07-20T14:02:48Z">
          <reporter-output>
          </reporter-output>
        </test-method> <!-- FromAccountfieldTest -->
        <test-method status="PASS" signature="AmountfieldTest()[pri:0, instance:com.nesfb.qa.test.OwnAccountTransferTest@6591f517]" name="AmountfieldTest" duration-ms="721" started-at="2020-07-20T14:02:48Z" finished-at="2020-07-20T14:02:49Z">
          <reporter-output>
          </reporter-output>
        </test-method> <!-- AmountfieldTest -->
        <test-method status="PASS" signature="NarrationfieldTest()[pri:0, instance:com.nesfb.qa.test.OwnAccountTransferTest@6591f517]" name="NarrationfieldTest" duration-ms="760" started-at="2020-07-20T14:02:49Z" finished-at="2020-07-20T14:02:50Z">
          <reporter-output>
          </reporter-output>
        </test-method> <!-- NarrationfieldTest -->
        <test-method status="PASS" signature="submitbtnTest()[pri:0, instance:com.nesfb.qa.test.OwnAccountTransferTest@6591f517]" name="submitbtnTest" duration-ms="255" started-at="2020-07-20T14:02:50Z" finished-at="2020-07-20T14:02:50Z">
          <reporter-output>
          </reporter-output>
        </test-method> <!-- submitbtnTest -->
      </class> <!-- com.nesfb.qa.test.OwnAccountTransferTest -->
    </test> <!-- Test -->
  </suite> <!-- Suite -->
</testng-results>
