<?xml version="1.0" encoding="UTF-8"?>
<testng-results skipped="0" failed="0" ignored="0" total="5" passed="5">
  <reporter-output>
  </reporter-output>
  <suite name="Suite" duration-ms="36153" started-at="2020-05-31T13:24:48 IST" finished-at="2020-05-31T13:25:25 IST">
    <groups>
    </groups>
    <test name="Test" duration-ms="36153" started-at="2020-05-31T13:24:48 IST" finished-at="2020-05-31T13:25:25 IST">
      <class name="com.nesfb.qa.test.HomepageTest">
        <test-method status="PASS" signature="setup()[pri:0, instance:com.nesfb.qa.test.HomepageTest@5f9d02cb]" name="setup" is-config="true" duration-ms="12926" started-at="2020-05-31T13:25:08 IST" finished-at="2020-05-31T13:25:21 IST">
          <reporter-output>
          </reporter-output>
        </test-method> <!-- setup -->
        <test-method status="PASS" signature="banklogotest()[pri:0, instance:com.nesfb.qa.test.HomepageTest@5f9d02cb]" name="banklogotest" duration-ms="2452" started-at="2020-05-31T13:25:21 IST" finished-at="2020-05-31T13:25:24 IST">
          <reporter-output>
          </reporter-output>
        </test-method> <!-- banklogotest -->
        <test-method status="PASS" signature="teardown()[pri:0, instance:com.nesfb.qa.test.HomepageTest@5f9d02cb]" name="teardown" is-config="true" duration-ms="753" started-at="2020-05-31T13:25:24 IST" finished-at="2020-05-31T13:25:25 IST">
          <reporter-output>
          </reporter-output>
        </test-method> <!-- teardown -->
      </class> <!-- com.nesfb.qa.test.HomepageTest -->
      <class name="com.nesfb.qa.test.LoginPageTest">
        <test-method status="PASS" signature="setup()[pri:1, instance:com.nesfb.qa.test.LoginPageTest@370736d9]" name="setup" duration-ms="15925" started-at="2020-05-31T13:24:49 IST" finished-at="2020-05-31T13:25:04 IST">
          <reporter-output>
          </reporter-output>
        </test-method> <!-- setup -->
        <test-method status="PASS" signature="LoginTest()[pri:2, instance:com.nesfb.qa.test.LoginPageTest@370736d9]" name="LoginTest" duration-ms="1701" started-at="2020-05-31T13:25:05 IST" finished-at="2020-05-31T13:25:06 IST">
          <reporter-output>
          </reporter-output>
        </test-method> <!-- LoginTest -->
        <test-method status="PASS" signature="Loginwithpw()[pri:3, instance:com.nesfb.qa.test.LoginPageTest@370736d9]" name="Loginwithpw" duration-ms="583" started-at="2020-05-31T13:25:06 IST" finished-at="2020-05-31T13:25:07 IST">
          <reporter-output>
          </reporter-output>
        </test-method> <!-- Loginwithpw -->
        <test-method status="PASS" signature="teardown()[pri:4, instance:com.nesfb.qa.test.LoginPageTest@370736d9]" name="teardown" duration-ms="1460" started-at="2020-05-31T13:25:07 IST" finished-at="2020-05-31T13:25:08 IST">
          <reporter-output>
          </reporter-output>
        </test-method> <!-- teardown -->
      </class> <!-- com.nesfb.qa.test.LoginPageTest -->
    </test> <!-- Test -->
  </suite> <!-- Suite -->
</testng-results>
